<?xml version="1.0" encoding="UTF-8"?>
<!-- Generated by org.testng.reporters.JUnitReportReporter -->
<testsuite skipped="0" hostname="SIB-LT108687" name="TestScript.TestDataScript" tests="11" failures="0" timestamp="19 Apr 2019 08:28:04 GMT" time="0.095" errors="0">
  <testcase name="test1" time="0.001" classname="TestScript.TestDataScript"/>
  <testcase name="test1" time="0.002" classname="TestScript.TestDataScript"/>
  <testcase name="test1" time="0.000" classname="TestScript.TestDataScript"/>
  <testcase name="test1" time="0.001" classname="TestScript.TestDataScript"/>
  <testcase name="test1" time="0.002" classname="TestScript.TestDataScript"/>
  <testcase name="test1" time="0.001" classname="TestScript.TestDataScript"/>
  <testcase name="test1" time="0.001" classname="TestScript.TestDataScript"/>
  <testcase name="test3" time="0.073" classname="TestScript.TestDataScript"/>
  <testcase name="test1" time="0.011" classname="TestScript.TestDataScript"/>
  <testcase name="test2" time="0.002" classname="TestScript.TestDataScript"/>
  <testcase name="test1" time="0.001" classname="TestScript.TestDataScript"/>
</testsuite> <!-- TestScript.TestDataScript -->
