<?xml version="1.0" encoding="UTF-8"?>
<!-- Generated by org.testng.reporters.JUnitReportReporter -->
<testsuite skipped="0" hostname="SIB-LT108687" name="TestScript.WorldPay_Script" tests="1" failures="0" timestamp="22 Feb 2019 07:23:03 GMT" time="15.070" errors="0">
  <testcase name="TS01_Register" time="15.070" classname="TestScript.WorldPay_Script"/>
</testsuite> <!-- TestScript.WorldPay_Script -->
