<?xml version="1.0" encoding="UTF-8"?>
<!-- Generated by org.testng.reporters.JUnitReportReporter -->
<testsuite skipped="0" hostname="SIB-LT108687" name="TestScript.NewTours_Driver" tests="3" failures="0" timestamp="25 Mar 2019 07:35:07 GMT" time="124.749" errors="0">
  <testcase name="TS02_LoginHome" time="61.967" classname="TestScript.NewTours_Driver"/>
  <testcase name="TS01_Register" time="30.015" classname="TestScript.NewTours_Driver"/>
  <testcase name="TS03_UserLogin" time="32.767" classname="TestScript.NewTours_Driver"/>
</testsuite> <!-- TestScript.NewTours_Driver -->
